app/build/intermediates/manifest_merge_blame_file/debug/manifest-merger-blame-debug-report.txt
1<?xml version="1.0" encoding="utf-8"?>
2<manifest xmlns:android="http://schemas.android.com/apk/res/android"
3    package="com.natan.klinik"
4    android:versionCode="1"
5    android:versionName="1.0" >
6
7    <uses-sdk
8        android:minSdkVersion="21"
9        android:targetSdkVersion="34" />
10
11    <uses-permission android:name="android.permission.INTERNET" />
11-->src/main/AndroidManifest.xml:5:5-67
11-->src/main/AndroidManifest.xml:5:22-64
12    <uses-permission android:name="android.permission.ACCESS_COARSE_LOCATION" />
12-->src/main/AndroidManifest.xml:6:5-81
12-->src/main/AndroidManifest.xml:6:22-78
13    <uses-permission android:name="android.permission.ACCESS_FINE_LOCATION" />
13-->src/main/AndroidManifest.xml:7:5-79
13-->src/main/AndroidManifest.xml:7:22-76
14    <uses-permission android:name="android.permission.CALL_PHONE" />
14-->src/main/AndroidManifest.xml:8:5-69
14-->src/main/AndroidManifest.xml:8:22-66
15
16    <!-- Include required permissions for Google Maps API to run. -->
17    <uses-permission android:name="android.permission.ACCESS_NETWORK_STATE" />
17-->[com.google.android.gms:play-services-maps:17.0.0] AndroidManifest.xml:23:5-79
17-->[com.google.android.gms:play-services-maps:17.0.0] AndroidManifest.xml:23:22-76
18
19    <uses-feature
19-->[com.google.android.gms:play-services-maps:17.0.0] AndroidManifest.xml:26:5-28:35
20        android:glEsVersion="0x00020000"
20-->[com.google.android.gms:play-services-maps:17.0.0] AndroidManifest.xml:27:9-41
21        android:required="true" />
21-->[com.google.android.gms:play-services-maps:17.0.0] AndroidManifest.xml:28:9-32
22
23    <permission
23-->[androidx.core:core:1.13.0] AndroidManifest.xml:22:5-24:47
24        android:name="com.natan.klinik.DYNAMIC_RECEIVER_NOT_EXPORTED_PERMISSION"
24-->[androidx.core:core:1.13.0] AndroidManifest.xml:23:9-81
25        android:protectionLevel="signature" />
25-->[androidx.core:core:1.13.0] AndroidManifest.xml:24:9-44
26
27    <uses-permission android:name="com.natan.klinik.DYNAMIC_RECEIVER_NOT_EXPORTED_PERMISSION" />
27-->[androidx.core:core:1.13.0] AndroidManifest.xml:26:5-97
27-->[androidx.core:core:1.13.0] AndroidManifest.xml:26:22-94
28
29    <application
29-->src/main/AndroidManifest.xml:10:5-52:19
30        android:allowBackup="true"
30-->src/main/AndroidManifest.xml:11:9-35
31        android:appComponentFactory="androidx.core.app.CoreComponentFactory"
31-->[androidx.core:core:1.13.0] AndroidManifest.xml:28:18-86
32        android:debuggable="true"
33        android:extractNativeLibs="true"
34        android:icon="@drawable/img_klinik_cinta"
34-->src/main/AndroidManifest.xml:12:9-50
35        android:label="@string/app_name"
35-->src/main/AndroidManifest.xml:13:9-41
36        android:roundIcon="@drawable/img_klinik_cinta"
36-->src/main/AndroidManifest.xml:14:9-55
37        android:supportsRtl="true"
37-->src/main/AndroidManifest.xml:15:9-35
38        android:theme="@style/AppTheme"
38-->src/main/AndroidManifest.xml:16:9-40
39        android:usesCleartextTraffic="true" >
39-->src/main/AndroidManifest.xml:17:9-44
40        <activity
40-->src/main/AndroidManifest.xml:18:9-20:40
41            android:name="com.natan.klinik.activities.ClinicActivity"
41-->src/main/AndroidManifest.xml:19:13-54
42            android:exported="false" />
42-->src/main/AndroidManifest.xml:20:13-37
43        <activity
43-->src/main/AndroidManifest.xml:21:9-23:40
44            android:name="com.natan.klinik.activities.ProductListActivity"
44-->src/main/AndroidManifest.xml:22:13-59
45            android:exported="false" />
45-->src/main/AndroidManifest.xml:23:13-37
46        <activity
46-->src/main/AndroidManifest.xml:24:9-26:40
47            android:name="com.natan.klinik.activities.MainActivity"
47-->src/main/AndroidManifest.xml:25:13-52
48            android:exported="false" />
48-->src/main/AndroidManifest.xml:26:13-37
49        <activity
49-->src/main/AndroidManifest.xml:27:9-29:40
50            android:name="com.natan.klinik.activities.DoctorListActivity"
50-->src/main/AndroidManifest.xml:28:13-58
51            android:exported="false" />
51-->src/main/AndroidManifest.xml:29:13-37
52        <activity
52-->src/main/AndroidManifest.xml:30:9-32:40
53            android:name="com.natan.klinik.activities.DogGuideActivity"
53-->src/main/AndroidManifest.xml:31:13-56
54            android:exported="false" />
54-->src/main/AndroidManifest.xml:32:13-37
55        <activity
55-->src/main/AndroidManifest.xml:33:9-35:40
56            android:name="com.natan.klinik.activities.LoginActivity"
56-->src/main/AndroidManifest.xml:34:13-53
57            android:exported="false" />
57-->src/main/AndroidManifest.xml:35:13-37
58        <activity
58-->src/main/AndroidManifest.xml:36:9-44:20
59            android:name="com.natan.klinik.activities.SplashScreenActivity"
59-->src/main/AndroidManifest.xml:37:13-60
60            android:exported="true" >
60-->src/main/AndroidManifest.xml:38:13-36
61            <intent-filter>
61-->src/main/AndroidManifest.xml:39:13-43:29
62                <action android:name="android.intent.action.MAIN" />
62-->src/main/AndroidManifest.xml:40:17-69
62-->src/main/AndroidManifest.xml:40:25-66
63
64                <category android:name="android.intent.category.LAUNCHER" />
64-->src/main/AndroidManifest.xml:42:17-77
64-->src/main/AndroidManifest.xml:42:27-74
65            </intent-filter>
66        </activity>
67
68        <meta-data
68-->src/main/AndroidManifest.xml:46:9-48:69
69            android:name="com.google.android.gms.version"
69-->src/main/AndroidManifest.xml:47:13-58
70            android:value="@integer/google_play_services_version" />
70-->src/main/AndroidManifest.xml:48:13-66
71        <meta-data
71-->src/main/AndroidManifest.xml:49:9-51:71
72            android:name="com.google.android.geo.API_KEY"
72-->src/main/AndroidManifest.xml:50:13-58
73            android:value="AIzaSyC0hM-W8i0wbzGiuMa2uBXInqDCp6JDeiA" />
73-->src/main/AndroidManifest.xml:51:13-68
74        <!-- Needs to be explicitly declared on P+ -->
75        <uses-library
75-->[com.google.android.gms:play-services-maps:17.0.0] AndroidManifest.xml:33:9-35:40
76            android:name="org.apache.http.legacy"
76-->[com.google.android.gms:play-services-maps:17.0.0] AndroidManifest.xml:34:13-50
77            android:required="false" />
77-->[com.google.android.gms:play-services-maps:17.0.0] AndroidManifest.xml:35:13-37
78
79        <activity
79-->[com.google.android.gms:play-services-base:17.0.0] AndroidManifest.xml:23:9-26:75
80            android:name="com.google.android.gms.common.api.GoogleApiActivity"
80-->[com.google.android.gms:play-services-base:17.0.0] AndroidManifest.xml:24:13-79
81            android:exported="false"
81-->[com.google.android.gms:play-services-base:17.0.0] AndroidManifest.xml:25:13-37
82            android:theme="@android:style/Theme.Translucent.NoTitleBar" />
82-->[com.google.android.gms:play-services-base:17.0.0] AndroidManifest.xml:26:13-72
83
84        <provider
84-->[androidx.profileinstaller:profileinstaller:1.3.1] AndroidManifest.xml:24:9-32:20
85            android:name="androidx.startup.InitializationProvider"
85-->[androidx.profileinstaller:profileinstaller:1.3.1] AndroidManifest.xml:25:13-67
86            android:authorities="com.natan.klinik.androidx-startup"
86-->[androidx.profileinstaller:profileinstaller:1.3.1] AndroidManifest.xml:26:13-68
87            android:exported="false" >
87-->[androidx.profileinstaller:profileinstaller:1.3.1] AndroidManifest.xml:27:13-37
88            <meta-data
88-->[androidx.profileinstaller:profileinstaller:1.3.1] AndroidManifest.xml:29:13-31:52
89                android:name="androidx.profileinstaller.ProfileInstallerInitializer"
89-->[androidx.profileinstaller:profileinstaller:1.3.1] AndroidManifest.xml:30:17-85
90                android:value="androidx.startup" />
90-->[androidx.profileinstaller:profileinstaller:1.3.1] AndroidManifest.xml:31:17-49
91        </provider>
92
93        <receiver
93-->[androidx.profileinstaller:profileinstaller:1.3.1] AndroidManifest.xml:34:9-52:20
94            android:name="androidx.profileinstaller.ProfileInstallReceiver"
94-->[androidx.profileinstaller:profileinstaller:1.3.1] AndroidManifest.xml:35:13-76
95            android:directBootAware="false"
95-->[androidx.profileinstaller:profileinstaller:1.3.1] AndroidManifest.xml:36:13-44
96            android:enabled="true"
96-->[androidx.profileinstaller:profileinstaller:1.3.1] AndroidManifest.xml:37:13-35
97            android:exported="true"
97-->[androidx.profileinstaller:profileinstaller:1.3.1] AndroidManifest.xml:38:13-36
98            android:permission="android.permission.DUMP" >
98-->[androidx.profileinstaller:profileinstaller:1.3.1] AndroidManifest.xml:39:13-57
99            <intent-filter>
99-->[androidx.profileinstaller:profileinstaller:1.3.1] AndroidManifest.xml:40:13-42:29
100                <action android:name="androidx.profileinstaller.action.INSTALL_PROFILE" />
100-->[androidx.profileinstaller:profileinstaller:1.3.1] AndroidManifest.xml:41:17-91
100-->[androidx.profileinstaller:profileinstaller:1.3.1] AndroidManifest.xml:41:25-88
101            </intent-filter>
102            <intent-filter>
102-->[androidx.profileinstaller:profileinstaller:1.3.1] AndroidManifest.xml:43:13-45:29
103                <action android:name="androidx.profileinstaller.action.SKIP_FILE" />
103-->[androidx.profileinstaller:profileinstaller:1.3.1] AndroidManifest.xml:44:17-85
103-->[androidx.profileinstaller:profileinstaller:1.3.1] AndroidManifest.xml:44:25-82
104            </intent-filter>
105            <intent-filter>
105-->[androidx.profileinstaller:profileinstaller:1.3.1] AndroidManifest.xml:46:13-48:29
106                <action android:name="androidx.profileinstaller.action.SAVE_PROFILE" />
106-->[androidx.profileinstaller:profileinstaller:1.3.1] AndroidManifest.xml:47:17-88
106-->[androidx.profileinstaller:profileinstaller:1.3.1] AndroidManifest.xml:47:25-85
107            </intent-filter>
108            <intent-filter>
108-->[androidx.profileinstaller:profileinstaller:1.3.1] AndroidManifest.xml:49:13-51:29
109                <action android:name="androidx.profileinstaller.action.BENCHMARK_OPERATION" />
109-->[androidx.profileinstaller:profileinstaller:1.3.1] AndroidManifest.xml:50:17-95
109-->[androidx.profileinstaller:profileinstaller:1.3.1] AndroidManifest.xml:50:25-92
110            </intent-filter>
111        </receiver>
112    </application>
113
114</manifest>